Arguments: 
  /home/ubuntu/.nvm/versions/node/v6.11.2/bin/node /usr/share/yarn/bin/yarn.js dev

PATH: 
  /home/ubuntu/.nvm/versions/node/v6.11.2/bin:/usr/local/rvm/gems/ruby-2.4.0/bin:/usr/local/rvm/gems/ruby-2.4.0@global/bin:/usr/local/rvm/rubies/ruby-2.4.0/bin:/mnt/shared/bin:/home/ubuntu/workspace/node_modules/.bin:/home/ubuntu/bin:/usr/local/sbin:/usr/local/bin:/usr/sbin:/usr/bin:/sbin:/bin:/mnt/shared/sbin:/opt/gitl:/opt/go/bin:/mnt/shared/c9/app.nw/bin:/usr/local/rvm/bin

Yarn version: 
  1.3.2

Node version: 
  6.11.2

Platform: 
  linux x64

npm manifest: 
  {
    "name": "studyonline",
    "version": "1.0.0",
    "description": "webetch project ",
    
    "scripts": {
      "test": "echo \"Error: no test specified\" && exit 1"
      "client": "cd client && yarn start",
      "server": "nodemon server.js",
      "dev": "concurrently --kill-others-on-fail \"yarn server\" \"yarn client\""
    },
    "repository": {
      "type": "git",
      "url": "git+https://github.com/dragos1195/webtech-project.git"
    },
    "keywords": [
      "RESTful",
      "api",
      "nodejs",
      "product",
      "catalog"
    ],
    "author": "stratdragos",
    "license": "ISC",
    "bugs": {
      "url": "https://github.com/dragos1195/webtech-project/issues"
    },
    "homepage": "https://github.com/dragos1195/webtech-project#readme",
    "dependencies": {
      "express": "^4.16.2",
      "mysql2": "^1.4.2",
      "sequelize": "^4.22.5",
      "nodeadmin": "^0.1.2",
      "passport": "^0.4.0",
      "passport-local": "^1.0.0",
      "concurrently": "^3.5.0"
    }
  }

yarn manifest: 
  No manifest

Lockfile: 
  No lockfile

Trace: 
  SyntaxError: /home/ubuntu/workspace/package.json: Unexpected string in JSON at position 166
      at Object.parse (native)
      at /usr/share/yarn/lib/cli.js:770:59
      at next (native)
      at step (/usr/share/yarn/lib/cli.js:92:30)
      at /usr/share/yarn/lib/cli.js:103:13
